AutoBrake_family/app/build/intermediates/manifest_merge_blame_file/debug/manifest-merger-blame-debug-report.txt
1<?xml version="1.0" encoding="utf-8"?>
2<manifest xmlns:android="http://schemas.android.com/apk/res/android"
3    package="com.msba.autobrakefamily"
4    android:versionCode="1"
5    android:versionName="1.0" >
6
7    <uses-sdk
8        android:minSdkVersion="21"
8-->src\main\AndroidManifest.xml
9        android:targetSdkVersion="30" />
9-->src\main\AndroidManifest.xml
10
11    <uses-permission android:name="android.permission.ACCESS_NETWORK_STATE" />
11-->[com.google.firebase:firebase-database:16.0.4] AndroidManifest.xml:22:5-79
11-->[com.google.firebase:firebase-database:16.0.4] AndroidManifest.xml:22:22-76
12    <uses-permission android:name="android.permission.INTERNET" />
12-->[com.google.firebase:firebase-database:16.0.4] AndroidManifest.xml:23:5-67
12-->[com.google.firebase:firebase-database:16.0.4] AndroidManifest.xml:23:22-64
13
14    <uses-feature
14-->[com.google.android.gms:play-services-maps:17.0.0] AndroidManifest.xml:26:5-28:35
15        android:glEsVersion="0x00020000"
15-->[com.google.android.gms:play-services-maps:17.0.0] AndroidManifest.xml:27:9-41
16        android:required="true" />
16-->[com.google.android.gms:play-services-maps:17.0.0] AndroidManifest.xml:28:9-32
17
18    <application
18-->src\main\AndroidManifest.xml:5:5-37:19
19        android:allowBackup="true"
19-->src\main\AndroidManifest.xml:6:9-35
20        android:appComponentFactory="androidx.core.app.CoreComponentFactory"
20-->[androidx.core:core:1.3.0] AndroidManifest.xml:24:18-86
21        android:debuggable="true"
22        android:icon="@mipmap/ic_launcher"
22-->src\main\AndroidManifest.xml:7:9-43
23        android:label="@string/app_name"
23-->src\main\AndroidManifest.xml:8:9-41
24        android:roundIcon="@mipmap/ic_launcher_round"
24-->src\main\AndroidManifest.xml:9:9-54
25        android:supportsRtl="true"
25-->src\main\AndroidManifest.xml:10:9-35
26        android:testOnly="true"
27        android:theme="@style/AppTheme" >
27-->src\main\AndroidManifest.xml:11:9-40
28        <service
28-->src\main\AndroidManifest.xml:12:9-15:47
29            android:name="com.msba.autobrakefamily.NotificationService"
29-->src\main\AndroidManifest.xml:13:13-48
30            android:enabled="true"
30-->src\main\AndroidManifest.xml:14:13-35
31            android:exported="true" />
31-->src\main\AndroidManifest.xml:15:13-36
32        <!--
33             The API key for Google Maps-based APIs is defined as a string resource.
34             (See the file "res/values/google_maps_api.xml").
35             Note that the API key is linked to the encryption key used to sign the APK.
36             You need a different API key for each encryption key, including the release key that is used to
37             sign the APK for publishing.
38             You can define the keys for the debug and release targets in src/debug/ and src/release/.
39        -->
40        <meta-data
40-->src\main\AndroidManifest.xml:24:9-26:71
41            android:name="com.google.android.geo.API_KEY"
41-->src\main\AndroidManifest.xml:25:13-58
42            android:value="AIzaSyBV8ptjXBd68_JGdGmIQjM0uNW6EtqrPd0" />
42-->src\main\AndroidManifest.xml:26:13-68
43
44        <activity
44-->src\main\AndroidManifest.xml:28:9-36:20
45            android:name="com.msba.autobrakefamily.MainActivity"
45-->src\main\AndroidManifest.xml:29:13-41
46            android:label="@string/app_name" >
46-->src\main\AndroidManifest.xml:30:13-45
47            <intent-filter>
47-->src\main\AndroidManifest.xml:31:13-35:29
48                <action android:name="android.intent.action.MAIN" />
48-->src\main\AndroidManifest.xml:32:17-69
48-->src\main\AndroidManifest.xml:32:25-66
49
50                <category android:name="android.intent.category.LAUNCHER" />
50-->src\main\AndroidManifest.xml:34:17-77
50-->src\main\AndroidManifest.xml:34:27-74
51            </intent-filter>
52        </activity>
53        <!-- Needs to be explicitly declared on P+ -->
54        <uses-library
54-->[com.google.android.gms:play-services-maps:17.0.0] AndroidManifest.xml:33:9-35:40
55            android:name="org.apache.http.legacy"
55-->[com.google.android.gms:play-services-maps:17.0.0] AndroidManifest.xml:34:13-50
56            android:required="false" />
56-->[com.google.android.gms:play-services-maps:17.0.0] AndroidManifest.xml:35:13-37
57
58        <activity
58-->[com.google.android.gms:play-services-base:17.0.0] AndroidManifest.xml:23:9-26:75
59            android:name="com.google.android.gms.common.api.GoogleApiActivity"
59-->[com.google.android.gms:play-services-base:17.0.0] AndroidManifest.xml:24:13-79
60            android:exported="false"
60-->[com.google.android.gms:play-services-base:17.0.0] AndroidManifest.xml:25:13-37
61            android:theme="@android:style/Theme.Translucent.NoTitleBar" />
61-->[com.google.android.gms:play-services-base:17.0.0] AndroidManifest.xml:26:13-72
62
63        <provider
63-->[com.google.firebase:firebase-common:16.0.3] AndroidManifest.xml:10:9-14:39
64            android:name="com.google.firebase.provider.FirebaseInitProvider"
64-->[com.google.firebase:firebase-common:16.0.3] AndroidManifest.xml:11:13-77
65            android:authorities="com.msba.autobrakefamily.firebaseinitprovider"
65-->[com.google.firebase:firebase-common:16.0.3] AndroidManifest.xml:12:13-72
66            android:exported="false"
66-->[com.google.firebase:firebase-common:16.0.3] AndroidManifest.xml:13:13-37
67            android:initOrder="100" />
67-->[com.google.firebase:firebase-common:16.0.3] AndroidManifest.xml:14:13-36
68
69        <meta-data
69-->[com.google.android.gms:play-services-basement:17.0.0] AndroidManifest.xml:23:9-25:69
70            android:name="com.google.android.gms.version"
70-->[com.google.android.gms:play-services-basement:17.0.0] AndroidManifest.xml:24:13-58
71            android:value="@integer/google_play_services_version" />
71-->[com.google.android.gms:play-services-basement:17.0.0] AndroidManifest.xml:25:13-66
72
73        <provider
73-->[androidx.lifecycle:lifecycle-process:2.2.0] AndroidManifest.xml:25:9-29:43
74            android:name="androidx.lifecycle.ProcessLifecycleOwnerInitializer"
74-->[androidx.lifecycle:lifecycle-process:2.2.0] AndroidManifest.xml:26:13-79
75            android:authorities="com.msba.autobrakefamily.lifecycle-process"
75-->[androidx.lifecycle:lifecycle-process:2.2.0] AndroidManifest.xml:27:13-69
76            android:exported="false"
76-->[androidx.lifecycle:lifecycle-process:2.2.0] AndroidManifest.xml:28:13-37
77            android:multiprocess="true" />
77-->[androidx.lifecycle:lifecycle-process:2.2.0] AndroidManifest.xml:29:13-40
78    </application>
79
80</manifest>